<?xml version="1.0" encoding="UTF-8"?>
<!-- Generated by org.testng.reporters.JUnitXMLReporter -->
<testsuite ignored="0" hostname="shakils-Air.cable.rcn.com" failures="0" tests="3" name="Default test" time="174.401" errors="0" timestamp="2022-11-28T00:32:57 EST">
  <testcase classname="com.atomation.test.test2" name="chromeTest" time="55.441"/>
  <testcase classname="com.atomation.test.test2" name="fftest" time="37.265"/>
  <testcase classname="com.atomation.test.test2" name="ieTest" time="80.801"/>
</testsuite> <!-- Default test -->
