<?xml version="1.0" encoding="UTF-8"?>
<testng-results ignored="0" total="3" passed="3" failed="0" skipped="0">
  <reporter-output>
  </reporter-output>
  <suite started-at="2022-11-28T00:30:02 EST" name="Default suite" finished-at="2022-11-28T00:32:56 EST" duration-ms="174401">
    <groups>
    </groups>
    <test started-at="2022-11-28T00:30:02 EST" name="Default test" finished-at="2022-11-28T00:32:56 EST" duration-ms="174401">
      <class name="com.atomation.test.test2">
        <test-method signature="chromeTest()[pri:1, instance:com.atomation.test.test2@15eb5ee5]" started-at="2022-11-28T00:30:02 EST" name="chromeTest" finished-at="2022-11-28T00:30:57 EST" duration-ms="55441" status="PASS">
          <reporter-output>
          </reporter-output>
        </test-method> <!-- chromeTest -->
        <test-method is-config="true" signature="closing()[pri:0, instance:com.atomation.test.test2@15eb5ee5]" started-at="2022-11-28T00:30:57 EST" name="closing" finished-at="2022-11-28T00:30:58 EST" duration-ms="158" status="PASS">
          <reporter-output>
          </reporter-output>
        </test-method> <!-- closing -->
        <test-method signature="fftest()[pri:2, instance:com.atomation.test.test2@15eb5ee5]" started-at="2022-11-28T00:30:58 EST" name="fftest" finished-at="2022-11-28T00:31:35 EST" duration-ms="37265" status="PASS">
          <reporter-output>
          </reporter-output>
        </test-method> <!-- fftest -->
        <test-method is-config="true" signature="closing()[pri:0, instance:com.atomation.test.test2@15eb5ee5]" started-at="2022-11-28T00:31:35 EST" name="closing" finished-at="2022-11-28T00:31:35 EST" duration-ms="431" status="PASS">
          <reporter-output>
          </reporter-output>
        </test-method> <!-- closing -->
        <test-method signature="ieTest()[pri:3, instance:com.atomation.test.test2@15eb5ee5]" started-at="2022-11-28T00:31:35 EST" name="ieTest" finished-at="2022-11-28T00:32:56 EST" duration-ms="80801" status="PASS">
          <reporter-output>
          </reporter-output>
        </test-method> <!-- ieTest -->
        <test-method is-config="true" signature="closing()[pri:0, instance:com.atomation.test.test2@15eb5ee5]" started-at="2022-11-28T00:32:56 EST" name="closing" finished-at="2022-11-28T00:32:56 EST" duration-ms="214" status="PASS">
          <reporter-output>
          </reporter-output>
        </test-method> <!-- closing -->
      </class> <!-- com.atomation.test.test2 -->
    </test> <!-- Default test -->
  </suite> <!-- Default suite -->
</testng-results>
