<?xml version="1.0" encoding="UTF-8"?>
<!-- Generated by org.testng.reporters.JUnitXMLReporter -->
<testsuite ignored="0" hostname="shakils-Air.lan" failures="1" tests="3" name="SmokeTest" time="83.054" errors="0" timestamp="2022-10-21T10:50:16 EDT">
  <testcase classname="com.atomation.test.test2" name="@AfterMethod closing" time="0.021">
    <failure type="org.openqa.selenium.remote.http.ConnectionFailedException" message="Unable to establish websocket connection to http://localhost:62675/devtools/browser/e3b99621-8c48-46b8-afa2-1406782e6a79
Build info: version: &amp;apos;4.0.0&amp;apos;, revision: &amp;apos;3a21814679&amp;apos;
System info: host: &amp;apos;shakils-Air.lan&amp;apos;, ip: &amp;apos;2603:7000:e200:e37c:0:0:0:1fb5%en0&amp;apos;, os.name: &amp;apos;Mac OS X&amp;apos;, os.arch: &amp;apos;x86_64&amp;apos;, os.version: &amp;apos;12.6&amp;apos;, java.version: &amp;apos;18.0.1.1&amp;apos;
Driver info: driver.version: RemoteWebDriver">
      <![CDATA[org.openqa.selenium.remote.http.ConnectionFailedException: Unable to establish websocket connection to http://localhost:62675/devtools/browser/e3b99621-8c48-46b8-afa2-1406782e6a79
Build info: version: '4.0.0', revision: '3a21814679'
System info: host: 'shakils-Air.lan', ip: '2603:7000:e200:e37c:0:0:0:1fb5%en0', os.name: 'Mac OS X', os.arch: 'x86_64', os.version: '12.6', java.version: '18.0.1.1'
Driver info: driver.version: RemoteWebDriver
at org.openqa.selenium.remote.http.netty.NettyWebSocket.<init>(NettyWebSocket.java:104)
at org.openqa.selenium.remote.http.netty.NettyWebSocket.lambda$create$3(NettyWebSocket.java:137)
at org.openqa.selenium.remote.http.netty.NettyClient.openSocket(NettyClient.java:127)
at org.openqa.selenium.devtools.Connection.<init>(Connection.java:77)
at org.openqa.selenium.firefox.FirefoxDriver.maybeGetDevTools(FirefoxDriver.java:359)
at org.openqa.selenium.remote.RemoteWebDriver.close(RemoteWebDriver.java:441)
at com.atomation.test.test2.closing(test2.java:83)
at java.base/java.util.ArrayList.forEach(ArrayList.java:1511)
... Removed 30 stack frames]]>
    </failure>
  </testcase> <!-- @AfterMethod closing -->
  <testcase classname="com.atomation.test.test2" name="@AfterMethod closing" time="-1.666363816457E9">
    <skipped/>
  </testcase> <!-- @AfterMethod closing -->
  <testcase classname="com.atomation.test.test2" name="chromeTest" time="61.456"/>
  <testcase classname="com.atomation.test.test2" name="fftest" time="21.21">
    <failure type="org.openqa.selenium.ElementNotInteractableException" message="Element &amp;lt;a class=&amp;quot;menu-link sub-menu-link&amp;quot; href=&amp;quot;https://www.optimalworkshop.com/recruit/&amp;quot;&amp;gt; could not be scrolled into view
Build info: version: &amp;apos;4.0.0&amp;apos;, revision: &amp;apos;3a21814679&amp;apos;
System info: host: &amp;apos;shakils-Air.lan&amp;apos;, ip: &amp;apos;2603:7000:e200:e37c:0:0:0:1fb5%en0&amp;apos;, os.name: &amp;apos;Mac OS X&amp;apos;, os.arch: &amp;apos;x86_64&amp;apos;, os.version: &amp;apos;12.6&amp;apos;, java.version: &amp;apos;18.0.1.1&amp;apos;
Driver info: org.openqa.selenium.firefox.FirefoxDriver
Command: [ee046b11-7676-4b3f-87d4-9ea76711a937, clickElement {id=237be60c-336c-4dcb-9356-4ba157dbe03b}]
Capabilities {acceptInsecureCerts: true, browserName: firefox, browserVersion: 103.0, javascriptEnabled: true, moz:accessibilityChecks: false, moz:buildID: 20220718155818, moz:debuggerAddress: localhost:62675, moz:geckodriverVersion: 0.31.0, moz:headless: true, moz:platformVersion: 21.6.0, moz:processID: 2409, moz:profile: /var/folders/r6/6nq9ybbj4b9..., moz:shutdownTimeout: 60000, moz:useNonSpecCompliantPointerOrigin: false, moz:webdriverClick: true, moz:windowless: false, pageLoadStrategy: normal, platform: MAC, platformName: MAC, proxy: Proxy(), se:cdp: ws://localhost:62675/devtoo..., se:cdpVersion: 85, setWindowRect: true, strictFileInteractability: false, timeouts: {implicit: 0, pageLoad: 300000, script: 30000}, unhandledPromptBehavior: dismiss and notify}
Element: [[FirefoxDriver: firefox on MAC (ee046b11-7676-4b3f-87d4-9ea76711a937)] -&amp;gt; xpath: //li[@id=&amp;apos;nav-menu-item-100&amp;apos;]//a[@class=&amp;apos;menu-link sub-menu-link&amp;apos;][normalize-space()=&amp;apos;Participant recruitment&amp;apos;]]
Session ID: ee046b11-7676-4b3f-87d4-9ea76711a937">
      <![CDATA[org.openqa.selenium.ElementNotInteractableException: Element <a class="menu-link sub-menu-link" href="https://www.optimalworkshop.com/recruit/"> could not be scrolled into view
Build info: version: '4.0.0', revision: '3a21814679'
System info: host: 'shakils-Air.lan', ip: '2603:7000:e200:e37c:0:0:0:1fb5%en0', os.name: 'Mac OS X', os.arch: 'x86_64', os.version: '12.6', java.version: '18.0.1.1'
Driver info: org.openqa.selenium.firefox.FirefoxDriver
Command: [ee046b11-7676-4b3f-87d4-9ea76711a937, clickElement {id=237be60c-336c-4dcb-9356-4ba157dbe03b}]
Capabilities {acceptInsecureCerts: true, browserName: firefox, browserVersion: 103.0, javascriptEnabled: true, moz:accessibilityChecks: false, moz:buildID: 20220718155818, moz:debuggerAddress: localhost:62675, moz:geckodriverVersion: 0.31.0, moz:headless: true, moz:platformVersion: 21.6.0, moz:processID: 2409, moz:profile: /var/folders/r6/6nq9ybbj4b9..., moz:shutdownTimeout: 60000, moz:useNonSpecCompliantPointerOrigin: false, moz:webdriverClick: true, moz:windowless: false, pageLoadStrategy: normal, platform: MAC, platformName: MAC, proxy: Proxy(), se:cdp: ws://localhost:62675/devtoo..., se:cdpVersion: 85, setWindowRect: true, strictFileInteractability: false, timeouts: {implicit: 0, pageLoad: 300000, script: 30000}, unhandledPromptBehavior: dismiss and notify}
Element: [[FirefoxDriver: firefox on MAC (ee046b11-7676-4b3f-87d4-9ea76711a937)] -> xpath: //li[@id='nav-menu-item-100']//a[@class='menu-link sub-menu-link'][normalize-space()='Participant recruitment']]
Session ID: ee046b11-7676-4b3f-87d4-9ea76711a937
at org.openqa.selenium.remote.codec.w3c.W3CHttpResponseCodec.createException(W3CHttpResponseCodec.java:200)
at org.openqa.selenium.remote.codec.w3c.W3CHttpResponseCodec.decode(W3CHttpResponseCodec.java:133)
at org.openqa.selenium.remote.codec.w3c.W3CHttpResponseCodec.decode(W3CHttpResponseCodec.java:53)
at org.openqa.selenium.remote.HttpCommandExecutor.execute(HttpCommandExecutor.java:184)
at org.openqa.selenium.remote.service.DriverCommandExecutor.invokeExecute(DriverCommandExecutor.java:164)
at org.openqa.selenium.remote.service.DriverCommandExecutor.execute(DriverCommandExecutor.java:139)
at org.openqa.selenium.remote.RemoteWebDriver.execute(RemoteWebDriver.java:559)
at org.openqa.selenium.remote.RemoteWebElement.execute(RemoteWebElement.java:251)
at org.openqa.selenium.remote.RemoteWebElement.click(RemoteWebElement.java:77)
at com.automation.base.PageBase.clickParticipantRecruitmentTab(PageBase.java:223)
at com.atomation.test.test2.fftest(test2.java:52)
at java.base/java.util.ArrayList.forEach(ArrayList.java:1511)
... Removed 28 stack frames]]>
    </failure>
  </testcase> <!-- fftest -->
  <testcase classname="com.atomation.test.test2" name="ieTest" time="0.0">
    <skipped/>
  </testcase> <!-- ieTest -->
</testsuite> <!-- SmokeTest -->
